{
  "stats": {
    "suites": 1,
    "tests": 1,
    "passes": 1,
    "pending": 0,
    "failures": 0,
    "start": "2024-03-14T13:47:46.752Z",
    "end": "2024-03-14T13:47:57.914Z",
    "duration": 11162,
    "testsRegistered": 1,
    "passPercent": 100,
    "pendingPercent": 0,
    "other": 0,
    "hasOther": false,
    "skipped": 0,
    "hasSkipped": false
  },
  "results": [
    {
      "uuid": "d4d4fab6-4f56-4f96-8b94-c59f8994d445",
      "title": "",
      "fullFile": "cypress\\e2e\\scan\\scan.cy.ts",
      "file": "cypress\\e2e\\scan\\scan.cy.ts",
      "beforeHooks": [],
      "afterHooks": [],
      "tests": [],
      "suites": [
        {
          "uuid": "131da9f2-b5ce-45bc-babb-c4383ae5362d",
          "title": "QR Code",
          "fullFile": "",
          "file": "",
          "beforeHooks": [],
          "afterHooks": [],
          "tests": [
            {
              "title": "can read qrcode with zxing-js",
              "fullTitle": "QR Code can read qrcode with zxing-js",
              "timedOut": null,
              "duration": 9387,
              "state": "passed",
              "speed": "medium",
              "pass": true,
              "fail": false,
              "pending": false,
              "context": null,
              "code": "Cypress.Promise.resolve(cy.get(\"qrcg-generator-qr-code > svg\")).then(($el) => {\n  const svg = $el[0].outerHTML;\n  const image = new Image();\n  image.src = \"data:image/svg+xml;base64,\" + btoa(svg);\n  image.crossOrigin = \"Anonymous\";\n  return image;\n}).then((image) => {\n  const reader = new BrowserMultiFormatReader2();\n  return reader.decodeFromImageElement(image);\n}).then((result) => {\n  const url = result.getText();\n  cy.log(url);\n  cy.window().then((win) => {\n    win.open(url, \"_blank\");\n  });\n});",
              "err": {},
              "uuid": "2158d54a-49da-4801-b16b-0a6c9acbbd4b",
              "parentUUID": "131da9f2-b5ce-45bc-babb-c4383ae5362d",
              "isHook": false,
              "skipped": false
            }
          ],
          "suites": [],
          "passes": [
            "2158d54a-49da-4801-b16b-0a6c9acbbd4b"
          ],
          "failures": [],
          "pending": [],
          "skipped": [],
          "duration": 9387,
          "root": false,
          "rootEmpty": false,
          "_timeout": 2000
        }
      ],
      "passes": [],
      "failures": [],
      "pending": [],
      "skipped": [],
      "duration": 0,
      "root": true,
      "rootEmpty": true,
      "_timeout": 2000
    }
  ],
  "meta": {
    "mocha": {
      "version": "7.0.1"
    },
    "mochawesome": {
      "options": {
        "quiet": false,
        "reportFilename": "[status]_[datetime]-[name]-report",
        "saveHtml": true,
        "saveJson": true,
        "consoleReporter": "spec",
        "useInlineDiffs": false,
        "code": true
      },
      "version": "7.1.3"
    },
    "marge": {
      "options": {
        "reportDir": "cypress/results",
        "reportTitle": "Portfolio React + Spring Boot",
        "reportPageTitle": "Scenario Report",
        "showPassed": true,
        "overwrite": false,
        "html": true,
        "json": true,
        "reportFilename": "[status]_[datetime]-[name]-report",
        "timestamp": "longDate",
        "charts": true,
        "embeddedScreenshots": true,
        "inlineAssets": true,
        "saveAllAttempts": false
      },
      "version": "6.2.0"
    }
  }
}